<?xml version="1.0" encoding="UTF-8"?>
<!-- Generated by org.testng.reporters.JUnitReportReporter -->
<testsuite hostname="LTIN191294" failures="0" tests="1" name="testCases.TC_002_AccountLoginTest" time="26.532" errors="0" timestamp="2024-02-04T17:03:30 IST" skipped="0">
  <testcase classname="testCases.TC_002_AccountLoginTest" name="verify_login" time="26.532"/>
</testsuite> <!-- testCases.TC_002_AccountLoginTest -->
