<?xml version="1.0" encoding="UTF-8"?>
<!-- Generated by org.testng.reporters.JUnitReportReporter -->
<testsuite hostname="LTIN191294" failures="0" tests="1" name="testCases.TC_001_AccountRegistrationTest" time="7.976" errors="0" timestamp="2024-02-04T17:03:30 IST" skipped="0">
  <testcase classname="testCases.TC_001_AccountRegistrationTest" name="verify_account_registration" time="7.976"/>
</testsuite> <!-- testCases.TC_001_AccountRegistrationTest -->
